[2015-08-22 12:19:29] myapp.INFO: Matched route "GET_drafts" (parameters: "_controller": "draft.controller:GetAll", "_route": "GET_drafts") [] []
[2015-08-22 12:19:29] myapp.DEBUG: > GET /api/drafts [] []
[2015-08-22 12:19:29] myapp.CRITICAL: Doctrine\DBAL\Exception\ConnectionException: An exception occured in driver: SQLSTATE[HY000] [1044] Access denied for user ''@'localhost' to database 'phpdraft' (uncaught exception) at C:\Users\morres\MGODev\phpdraft-mgo\vendor\doctrine\dbal\lib\Doctrine\DBAL\Driver\AbstractMySQLDriver.php line 103 {"exception":"[object] (Doctrine\\DBAL\\Exception\\ConnectionException(code: 0): An exception occured in driver: SQLSTATE[HY000] [1044] Access denied for user ''@'localhost' to database 'phpdraft' at C:\\Users\\morres\\MGODev\\phpdraft-mgo\\vendor\\doctrine\\dbal\\lib\\Doctrine\\DBAL\\Driver\\AbstractMySQLDriver.php:103, Doctrine\\DBAL\\Driver\\PDOException(code: 1044): SQLSTATE[HY000] [1044] Access denied for user ''@'localhost' to database 'phpdraft' at C:\\Users\\morres\\MGODev\\phpdraft-mgo\\vendor\\doctrine\\dbal\\lib\\Doctrine\\DBAL\\Driver\\PDOConnection.php:47, PDOException(code: 1044): SQLSTATE[HY000] [1044] Access denied for user ''@'localhost' to database 'phpdraft' at C:\\Users\\morres\\MGODev\\phpdraft-mgo\\vendor\\doctrine\\dbal\\lib\\Doctrine\\DBAL\\Driver\\PDOConnection.php:43)"} []
[2015-08-22 12:19:29] myapp.DEBUG: < 500 [] []
[2015-08-22 12:20:14] myapp.INFO: Matched route "GET_drafts" (parameters: "_controller": "draft.controller:GetAll", "_route": "GET_drafts") [] []
[2015-08-22 12:20:14] myapp.DEBUG: > GET /api/drafts [] []
[2015-08-22 12:20:14] myapp.DEBUG: < 200 [] []
[2015-08-22 12:20:32] myapp.INFO: Matched route "GET_style" (parameters: "_controller": "index.controller:Style", "_route": "GET_style") [] []
[2015-08-22 12:20:32] myapp.DEBUG: > GET /api/style [] []
[2015-08-22 12:20:32] myapp.DEBUG: < 200 [] []
[2015-08-22 12:20:44] myapp.INFO: Matched route "GET_drafts" (parameters: "_controller": "draft.controller:GetAll", "_route": "GET_drafts") [] []
[2015-08-22 12:20:44] myapp.DEBUG: > GET /api/drafts [] []
[2015-08-22 12:20:44] myapp.DEBUG: < 200 [] []
[2015-08-22 12:20:47] myapp.INFO: Matched route "GET_style" (parameters: "_controller": "index.controller:Style", "_route": "GET_style") [] []
[2015-08-22 12:20:47] myapp.DEBUG: > GET /api/style [] []
[2015-08-22 12:20:47] myapp.DEBUG: < 200 [] []
[2015-08-22 12:20:47] myapp.INFO: Matched route "GET_drafts" (parameters: "_controller": "draft.controller:GetAll", "_route": "GET_drafts") [] []
[2015-08-22 12:20:47] myapp.DEBUG: > GET /api/drafts [] []
[2015-08-22 12:20:47] myapp.DEBUG: < 200 [] []
[2015-08-22 19:19:06] myapp.INFO: Matched route "GET_draft_draft_id_round_draft_round_picks_selected" (parameters: "_controller": "pick.controller:GetSelectedRoundPicks", "draft_id": "1", "draft_round": "1", "_route": "GET_draft_draft_id_round_draft_round_picks_selected") [] []
[2015-08-22 19:19:06] myapp.DEBUG: > GET /api/draft/1/round/1/picks/selected [] []
[2015-08-22 19:19:06] myapp.CRITICAL: Exception: Unable to load draft (uncaught exception) at C:\Users\morres\MGODev\phpdraft-mgo\api\Domain\Repositories\DraftRepository.php line 196 {"exception":"[object] (Exception(code: 0): Unable to load draft at C:\\Users\\morres\\MGODev\\phpdraft-mgo\\api\\Domain\\Repositories\\DraftRepository.php:196)"} []
[2015-08-22 19:19:06] myapp.DEBUG: < 500 [] []
[2015-08-31 12:32:01] myapp.INFO: Matched route "GET_draft_id" (parameters: "_controller": "draft.controller:Get", "id": "1", "_route": "GET_draft_id") [] []
[2015-08-31 12:32:01] myapp.DEBUG: > GET /api/draft/1 [] []
[2015-08-31 12:32:01] myapp.CRITICAL: Exception: Unable to load draft (uncaught exception) at C:\Users\morres\MGODev\phpdraft-mgo\api\Domain\Repositories\DraftRepository.php line 153 {"exception":"[object] (Exception(code: 0): Unable to load draft at C:\\Users\\morres\\MGODev\\phpdraft-mgo\\api\\Domain\\Repositories\\DraftRepository.php:153)"} []
[2015-08-31 12:32:01] myapp.DEBUG: < 500 [] []
[2015-08-31 12:33:56] myapp.INFO: Matched route "GET_draft_id" (parameters: "_controller": "draft.controller:Get", "id": "1", "_route": "GET_draft_id") [] []
[2015-08-31 12:33:56] myapp.DEBUG: > GET /api/draft/1 [] []
[2015-08-31 12:33:56] myapp.CRITICAL: Exception: Unable to load draft (uncaught exception) at C:\Users\morres\MGODev\phpdraft-mgo\api\Domain\Repositories\DraftRepository.php line 153 {"exception":"[object] (Exception(code: 0): Unable to load draft at C:\\Users\\morres\\MGODev\\phpdraft-mgo\\api\\Domain\\Repositories\\DraftRepository.php:153)"} []
[2015-08-31 12:33:56] myapp.DEBUG: < 500 [] []
[2015-08-31 12:34:55] myapp.INFO: Matched route "GET_style" (parameters: "_controller": "index.controller:Style", "_route": "GET_style") [] []
[2015-08-31 12:34:55] myapp.DEBUG: > GET /api/style [] []
[2015-08-31 12:34:55] myapp.DEBUG: < 200 [] []
[2015-08-31 12:35:51] myapp.INFO: Matched route "GET_style" (parameters: "_controller": "index.controller:Style", "_route": "GET_style") [] []
[2015-08-31 12:35:51] myapp.DEBUG: > GET /api/style [] []
[2015-08-31 12:35:51] myapp.DEBUG: < 200 [] []
[2015-08-31 12:37:33] myapp.INFO: Matched route "GET_style" (parameters: "_controller": "index.controller:Style", "_route": "GET_style") [] []
[2015-08-31 12:37:33] myapp.DEBUG: > GET /api/style [] []
[2015-08-31 12:37:33] myapp.DEBUG: < 200 [] []
[2015-08-31 12:37:37] myapp.INFO: Matched route "GET_style" (parameters: "_controller": "index.controller:Style", "_route": "GET_style") [] []
[2015-08-31 12:37:37] myapp.DEBUG: > GET /api/style [] []
[2015-08-31 12:37:37] myapp.DEBUG: < 200 [] []
[2015-08-31 12:38:21] myapp.INFO: Matched route "GET_style" (parameters: "_controller": "index.controller:Style", "_route": "GET_style") [] []
[2015-08-31 12:38:21] myapp.DEBUG: > GET /api/style [] []
[2015-08-31 12:38:21] myapp.DEBUG: < 200 [] []
[2015-08-31 12:39:15] myapp.INFO: Matched route "GET_style" (parameters: "_controller": "index.controller:Style", "_route": "GET_style") [] []
[2015-08-31 12:39:15] myapp.DEBUG: > GET /api/style [] []
[2015-08-31 12:39:15] myapp.DEBUG: < 200 [] []
[2015-08-31 12:39:52] myapp.INFO: Matched route "GET_style" (parameters: "_controller": "index.controller:Style", "_route": "GET_style") [] []
[2015-08-31 12:39:52] myapp.DEBUG: > GET /api/style [] []
[2015-08-31 12:39:52] myapp.DEBUG: < 200 [] []
[2015-08-31 12:40:06] myapp.INFO: Matched route "GET_style" (parameters: "_controller": "index.controller:Style", "_route": "GET_style") [] []
[2015-08-31 12:40:06] myapp.DEBUG: > GET /api/style [] []
[2015-08-31 12:40:06] myapp.DEBUG: < 200 [] []
[2015-08-31 12:40:12] myapp.INFO: Matched route "GET_style" (parameters: "_controller": "index.controller:Style", "_route": "GET_style") [] []
[2015-08-31 12:40:12] myapp.DEBUG: > GET /api/style [] []
[2015-08-31 12:40:12] myapp.DEBUG: < 200 [] []
[2015-08-31 12:42:31] myapp.INFO: Matched route "GET_style" (parameters: "_controller": "index.controller:Style", "_route": "GET_style") [] []
[2015-08-31 12:42:31] myapp.DEBUG: > GET /api/style [] []
[2015-08-31 12:42:31] myapp.DEBUG: < 200 [] []
[2015-08-31 12:46:57] myapp.INFO: Matched route "GET_style" (parameters: "_controller": "index.controller:Style", "_route": "GET_style") [] []
[2015-08-31 12:46:57] myapp.DEBUG: > GET /api/style [] []
[2015-08-31 12:46:57] myapp.DEBUG: < 200 [] []
[2015-08-31 12:47:11] myapp.INFO: Matched route "POST_register" (parameters: "_controller": "authentication.controller:Register", "_route": "POST_register") [] []
[2015-08-31 12:47:11] myapp.INFO: Populated SecurityContext with an anonymous Token [] []
[2015-08-31 12:47:11] myapp.DEBUG: > POST /api/register [] []
[2015-08-31 12:47:11] myapp.DEBUG: Verification link: http://localhost:8771/verify/mattygabe%40gmail.com/6pOskBzUfM%2FS6Nis [] []
[2015-08-31 12:47:12] myapp.CRITICAL: Doctrine\DBAL\ConnectionException: There is no active transaction. (uncaught exception) at C:\Users\morres\MGODev\phpdraft-mgo\vendor\doctrine\dbal\lib\Doctrine\DBAL\ConnectionException.php line 42 {"exception":"[object] (Doctrine\\DBAL\\ConnectionException(code: 0): There is no active transaction. at C:\\Users\\morres\\MGODev\\phpdraft-mgo\\vendor\\doctrine\\dbal\\lib\\Doctrine\\DBAL\\ConnectionException.php:42)"} []
[2015-08-31 12:47:12] myapp.DEBUG: < 500 [] []
[2015-08-31 12:48:10] myapp.INFO: Matched route "POST_register" (parameters: "_controller": "authentication.controller:Register", "_route": "POST_register") [] []
[2015-08-31 12:48:10] myapp.INFO: Populated SecurityContext with an anonymous Token [] []
[2015-08-31 12:48:10] myapp.DEBUG: > POST /api/register [] []
[2015-08-31 12:48:10] myapp.DEBUG: < 400 [] []
[2015-08-31 12:48:28] myapp.INFO: Matched route "POST_register" (parameters: "_controller": "authentication.controller:Register", "_route": "POST_register") [] []
[2015-08-31 12:48:28] myapp.INFO: Populated SecurityContext with an anonymous Token [] []
[2015-08-31 12:48:28] myapp.DEBUG: > POST /api/register [] []
[2015-08-31 12:48:28] myapp.DEBUG: Verification link: http://localhost:8771/verify/mattygabe%40gmail.com/TSaX4co70P889eDe [] []
[2015-08-31 12:48:29] myapp.DEBUG: < 200 [] []
[2015-08-31 12:49:12] myapp.INFO: Matched route "GET_style" (parameters: "_controller": "index.controller:Style", "_route": "GET_style") [] []
[2015-08-31 12:49:12] myapp.DEBUG: > GET /api/style [] []
[2015-08-31 12:49:12] myapp.DEBUG: < 200 [] []
[2015-08-31 12:49:12] myapp.INFO: Matched route "POST_verify" (parameters: "_controller": "authentication.controller:VerifyAccount", "_route": "POST_verify") [] []
[2015-08-31 12:49:12] myapp.INFO: Populated SecurityContext with an anonymous Token [] []
[2015-08-31 12:49:12] myapp.DEBUG: > POST /api/verify [] []
[2015-08-31 12:49:12] myapp.DEBUG: Checking validation for email mattygabe@gmail.com and token of TSaX4co70P889eDe [] []
[2015-08-31 12:49:12] myapp.DEBUG: < 200 [] []
[2015-08-31 12:49:26] myapp.INFO: Matched route "POST_login" (parameters: "_controller": "authentication.controller:Login", "_route": "POST_login") [] []
[2015-08-31 12:49:26] myapp.INFO: Populated SecurityContext with an anonymous Token [] []
[2015-08-31 12:49:26] myapp.DEBUG: > POST /api/login [] []
[2015-08-31 12:49:26] myapp.DEBUG: < 400 [] []
[2015-08-31 12:49:31] myapp.INFO: Matched route "POST_login" (parameters: "_controller": "authentication.controller:Login", "_route": "POST_login") [] []
[2015-08-31 12:49:31] myapp.INFO: Populated SecurityContext with an anonymous Token [] []
[2015-08-31 12:49:31] myapp.DEBUG: > POST /api/login [] []
[2015-08-31 12:49:31] myapp.DEBUG: < 400 [] []
[2015-08-31 12:50:37] myapp.INFO: Matched route "POST_login" (parameters: "_controller": "authentication.controller:Login", "_route": "POST_login") [] []
[2015-08-31 12:50:37] myapp.INFO: Populated SecurityContext with an anonymous Token [] []
[2015-08-31 12:50:37] myapp.DEBUG: > POST /api/login [] []
[2015-08-31 12:50:37] myapp.DEBUG: < 400 [] []
[2015-08-31 12:50:50] myapp.INFO: Matched route "POST_lostPassword" (parameters: "_controller": "authentication.controller:LostPassword", "_route": "POST_lostPassword") [] []
[2015-08-31 12:50:50] myapp.INFO: Populated SecurityContext with an anonymous Token [] []
[2015-08-31 12:50:50] myapp.DEBUG: > POST /api/lostPassword [] []
[2015-08-31 12:50:50] myapp.DEBUG: Verification link: http://localhost:8771/resetPassword/mattygabe%40gmail.com/YCTe7uQo2Oom5glK [] []
[2015-08-31 12:50:51] myapp.DEBUG: < 200 [] []
[2015-08-31 12:51:02] myapp.INFO: Matched route "GET_style" (parameters: "_controller": "index.controller:Style", "_route": "GET_style") [] []
[2015-08-31 12:51:02] myapp.DEBUG: > GET /api/style [] []
[2015-08-31 12:51:02] myapp.DEBUG: < 200 [] []
[2015-08-31 12:51:02] myapp.INFO: Matched route "GET_verifyToken" (parameters: "_controller": "authentication.controller:VerifyResetPasswordToken", "_route": "GET_verifyToken") [] []
[2015-08-31 12:51:02] myapp.INFO: Populated SecurityContext with an anonymous Token [] []
[2015-08-31 12:51:02] myapp.DEBUG: > GET /api/verifyToken?_email=mattygabe@gmail.com&_verificationToken=YCTe7uQo2Oom5glK [] []
[2015-08-31 12:51:02] myapp.DEBUG: < 200 [] []
[2015-08-31 12:51:11] myapp.INFO: Matched route "POST_resetPassword" (parameters: "_controller": "authentication.controller:ResetPassword", "_route": "POST_resetPassword") [] []
[2015-08-31 12:51:11] myapp.INFO: Populated SecurityContext with an anonymous Token [] []
[2015-08-31 12:51:11] myapp.DEBUG: > POST /api/resetPassword [] []
[2015-08-31 12:51:11] myapp.DEBUG: < 200 [] []
[2015-08-31 12:51:18] myapp.INFO: Matched route "POST_login" (parameters: "_controller": "authentication.controller:Login", "_route": "POST_login") [] []
[2015-08-31 12:51:18] myapp.INFO: Populated SecurityContext with an anonymous Token [] []
[2015-08-31 12:51:18] myapp.DEBUG: > POST /api/login [] []
[2015-08-31 12:51:18] myapp.DEBUG: < 200 [] []
[2015-08-31 12:51:19] myapp.INFO: Matched route "GET_drafts" (parameters: "_controller": "draft.controller:GetAll", "_route": "GET_drafts") [] []
[2015-08-31 12:51:19] myapp.DEBUG: > GET /api/drafts [] []
[2015-08-31 12:51:19] myapp.DEBUG: < 200 [] []
[2015-08-31 12:51:26] myapp.INFO: Matched route "GET_style" (parameters: "_controller": "index.controller:Style", "_route": "GET_style") [] []
[2015-08-31 12:51:26] myapp.DEBUG: > GET /api/style [] []
[2015-08-31 12:51:26] myapp.DEBUG: < 200 [] []
[2015-08-31 12:51:26] myapp.INFO: Matched route "GET_drafts" (parameters: "_controller": "draft.controller:GetAll", "_route": "GET_drafts") [] []
[2015-08-31 12:51:26] myapp.DEBUG: > GET /api/drafts [] []
[2015-08-31 12:51:26] myapp.DEBUG: < 200 [] []
[2015-08-31 12:51:41] myapp.INFO: Matched route "POST_login" (parameters: "_controller": "authentication.controller:Login", "_route": "POST_login") [] []
[2015-08-31 12:51:41] myapp.INFO: Populated SecurityContext with an anonymous Token [] []
[2015-08-31 12:51:41] myapp.DEBUG: > POST /api/login [] []
[2015-08-31 12:51:41] myapp.DEBUG: < 200 [] []
[2015-08-31 12:51:49] myapp.INFO: Matched route "GET_drafts" (parameters: "_controller": "draft.controller:GetAll", "_route": "GET_drafts") [] []
[2015-08-31 12:51:49] myapp.DEBUG: > GET /api/drafts [] []
[2015-08-31 12:51:49] myapp.DEBUG: < 200 [] []
[2015-08-31 12:52:10] myapp.INFO: Matched route "GET_commish_draft_create" (parameters: "_controller": "commish.draft.controller:GetCreate", "_route": "GET_commish_draft_create") [] []
[2015-08-31 12:52:10] myapp.DEBUG: > GET /api/commish/draft/create [] []
[2015-08-31 12:52:10] myapp.DEBUG: < 200 [] []
[2015-08-31 12:52:21] myapp.INFO: Matched route "POST_commish_draft" (parameters: "_controller": "commish.draft.controller:Create", "_route": "POST_commish_draft") [] []
[2015-08-31 12:52:21] myapp.DEBUG: > POST /api/commish/draft [] []
[2015-08-31 12:52:21] myapp.DEBUG: < 201 [] []
[2015-08-31 12:52:21] myapp.INFO: Matched route "GET_draft_id" (parameters: "_controller": "draft.controller:Get", "id": "1", "_route": "GET_draft_id") [] []
[2015-08-31 12:52:21] myapp.DEBUG: > GET /api/draft/1 [] []
[2015-08-31 12:52:21] myapp.DEBUG: < 200 [] []
[2015-08-31 12:52:21] myapp.INFO: Matched route "GET_commish_draft_draft_id_managers" (parameters: "_controller": "commish.manager.controller:Get", "draft_id": "1", "_route": "GET_commish_draft_draft_id_managers") [] []
[2015-08-31 12:52:21] myapp.DEBUG: > GET /api/commish/draft/1/managers [] []
[2015-08-31 12:52:21] myapp.DEBUG: < 200 [] []
[2015-08-31 12:52:23] myapp.INFO: Matched route "GET_drafts" (parameters: "_controller": "draft.controller:GetAll", "_route": "GET_drafts") [] []
[2015-08-31 12:52:23] myapp.DEBUG: > GET /api/drafts [] []
[2015-08-31 12:52:23] myapp.DEBUG: < 200 [] []
[2015-08-31 12:52:27] myapp.INFO: Matched route "GET_draft_id" (parameters: "_controller": "draft.controller:Get", "id": "1", "_route": "GET_draft_id") [] []
[2015-08-31 12:52:27] myapp.DEBUG: > GET /api/draft/1 [] []
[2015-08-31 12:52:27] myapp.DEBUG: < 200 [] []
[2015-08-31 12:52:27] myapp.INFO: Matched route "GET_commish_draft_draft_id_managers" (parameters: "_controller": "commish.manager.controller:Get", "draft_id": "1", "_route": "GET_commish_draft_draft_id_managers") [] []
[2015-08-31 12:52:27] myapp.DEBUG: > GET /api/commish/draft/1/managers [] []
[2015-08-31 12:52:27] myapp.DEBUG: < 200 [] []
[2015-08-31 12:52:28] myapp.INFO: Matched route "GET_draft_id" (parameters: "_controller": "draft.controller:Get", "id": "1", "_route": "GET_draft_id") [] []
[2015-08-31 12:52:28] myapp.DEBUG: > GET /api/draft/1 [] []
[2015-08-31 12:52:28] myapp.DEBUG: < 200 [] []
[2015-08-31 12:52:28] myapp.INFO: Matched route "GET_commish_draft_draft_id" (parameters: "_controller": "commish.draft.controller:Get", "draft_id": "1", "_route": "GET_commish_draft_draft_id") [] []
[2015-08-31 12:52:28] myapp.DEBUG: > GET /api/commish/draft/1 [] []
[2015-08-31 12:52:28] myapp.DEBUG: < 200 [] []
[2015-08-31 12:52:32] myapp.INFO: Matched route "GET_draft_id" (parameters: "_controller": "draft.controller:Get", "id": "1", "_route": "GET_draft_id") [] []
[2015-08-31 12:52:32] myapp.DEBUG: > GET /api/draft/1 [] []
[2015-08-31 12:52:32] myapp.DEBUG: < 200 [] []
[2015-08-31 12:52:32] myapp.INFO: Matched route "PUT_commish_draft_draft_id" (parameters: "_controller": "commish.draft.controller:Update", "draft_id": "1", "_route": "PUT_commish_draft_draft_id") [] []
[2015-08-31 12:52:32] myapp.DEBUG: > PUT /api/commish/draft/1 [] []
[2015-08-31 12:52:32] myapp.DEBUG: < 200 [] []
[2015-08-31 12:52:33] myapp.INFO: Matched route "GET_draft_id" (parameters: "_controller": "draft.controller:Get", "id": "1", "_route": "GET_draft_id") [] []
[2015-08-31 12:52:33] myapp.DEBUG: > GET /api/draft/1 [] []
[2015-08-31 12:52:33] myapp.DEBUG: < 200 [] []
[2015-08-31 12:52:33] myapp.INFO: Matched route "GET_commish_draft_draft_id_managers" (parameters: "_controller": "commish.manager.controller:Get", "draft_id": "1", "_route": "GET_commish_draft_draft_id_managers") [] []
[2015-08-31 12:52:33] myapp.DEBUG: > GET /api/commish/draft/1/managers [] []
[2015-08-31 12:52:33] myapp.DEBUG: < 200 [] []
[2015-08-31 12:52:34] myapp.INFO: Matched route "GET_drafts" (parameters: "_controller": "draft.controller:GetAll", "_route": "GET_drafts") [] []
[2015-08-31 12:52:34] myapp.DEBUG: > GET /api/drafts [] []
[2015-08-31 12:52:34] myapp.DEBUG: < 200 [] []
[2015-08-31 12:52:39] myapp.INFO: Matched route "GET_style" (parameters: "_controller": "index.controller:Style", "_route": "GET_style") [] []
[2015-08-31 12:52:39] myapp.DEBUG: > GET /api/style [] []
[2015-08-31 12:52:39] myapp.DEBUG: < 200 [] []
[2015-08-31 12:52:39] myapp.INFO: Matched route "GET_drafts" (parameters: "_controller": "draft.controller:GetAll", "_route": "GET_drafts") [] []
[2015-08-31 12:52:39] myapp.DEBUG: > GET /api/drafts [] []
[2015-08-31 12:52:39] myapp.DEBUG: < 200 [] []
[2015-08-31 12:52:41] myapp.INFO: Matched route "GET_draft_id" (parameters: "_controller": "draft.controller:Get", "id": "1", "_route": "GET_draft_id") [] []
[2015-08-31 12:52:41] myapp.DEBUG: > GET /api/draft/1 [] []
[2015-08-31 12:52:41] myapp.DEBUG: < 200 [] []
[2015-08-31 12:52:44] myapp.INFO: Matched route "GET_drafts" (parameters: "_controller": "draft.controller:GetAll", "_route": "GET_drafts") [] []
[2015-08-31 12:52:44] myapp.DEBUG: > GET /api/drafts [] []
[2015-08-31 12:52:45] myapp.DEBUG: < 200 [] []
[2015-08-31 12:52:45] myapp.INFO: Matched route "GET_draft_id" (parameters: "_controller": "draft.controller:Get", "id": "1", "_route": "GET_draft_id") [] []
[2015-08-31 12:52:45] myapp.DEBUG: > GET /api/draft/1 [] []
[2015-08-31 12:52:45] myapp.DEBUG: < 200 [] []
[2015-08-31 12:52:48] myapp.INFO: Matched route "GET_draft_id" (parameters: "_controller": "draft.controller:Get", "id": "1", "_route": "GET_draft_id") [] []
[2015-08-31 12:52:48] myapp.DEBUG: > GET /api/draft/1 [] []
[2015-08-31 12:52:48] myapp.DEBUG: < 200 [] []
[2015-08-31 12:52:52] myapp.INFO: Matched route "GET_drafts" (parameters: "_controller": "draft.controller:GetAll", "_route": "GET_drafts") [] []
[2015-08-31 12:52:52] myapp.DEBUG: > GET /api/drafts [] []
[2015-08-31 12:52:52] myapp.DEBUG: < 200 [] []
[2015-08-31 12:52:56] myapp.INFO: Matched route "GET_commissioners_search" (parameters: "_controller": "commish.controller:SearchPublicCommissioners", "_route": "GET_commissioners_search") [] []
[2015-08-31 12:52:56] myapp.DEBUG: > GET /api/commissioners/search?searchTerm=matt [] []
[2015-08-31 12:52:56] myapp.DEBUG: Search term is %matt% [] []
[2015-08-31 12:52:56] myapp.DEBUG: < 200 [] []
[2015-08-31 12:52:57] myapp.INFO: Matched route "GET_drafts_commish_id" (parameters: "_controller": "draft.controller:GetAllByCommish", "commish_id": "2", "_route": "GET_drafts_commish_id") [] []
[2015-08-31 12:52:57] myapp.DEBUG: > GET /api/drafts/2 [] []
[2015-08-31 12:52:57] myapp.DEBUG: < 200 [] []
[2015-08-31 12:53:00] myapp.INFO: Matched route "GET_drafts" (parameters: "_controller": "draft.controller:GetAll", "_route": "GET_drafts") [] []
[2015-08-31 12:53:00] myapp.DEBUG: > GET /api/drafts [] []
[2015-08-31 12:53:00] myapp.DEBUG: < 200 [] []
[2015-09-01 23:24:07] myapp.INFO: Matched route "POST_login" (parameters: "_controller": "authentication.controller:Login", "_route": "POST_login") [] []
[2015-09-01 23:24:07] myapp.INFO: Populated SecurityContext with an anonymous Token [] []
[2015-09-01 23:24:07] myapp.DEBUG: > POST /api/login [] []
[2015-09-01 23:24:07] myapp.DEBUG: < 200 [] []
[2015-09-01 23:25:33] myapp.INFO: Matched route "POST_login" (parameters: "_controller": "authentication.controller:Login", "_route": "POST_login") [] []
[2015-09-01 23:25:33] myapp.INFO: Populated SecurityContext with an anonymous Token [] []
[2015-09-01 23:25:33] myapp.DEBUG: > POST /api/login [] []
[2015-09-01 23:25:33] myapp.DEBUG: < 400 [] []
[2015-09-01 23:26:12] myapp.INFO: Matched route "POST_login" (parameters: "_controller": "authentication.controller:Login", "_route": "POST_login") [] []
[2015-09-01 23:26:12] myapp.INFO: Populated SecurityContext with an anonymous Token [] []
[2015-09-01 23:26:12] myapp.DEBUG: > POST /api/login [] []
[2015-09-01 23:26:12] myapp.DEBUG: < 400 [] []
[2015-09-01 23:26:14] myapp.INFO: Matched route "POST_login" (parameters: "_controller": "authentication.controller:Login", "_route": "POST_login") [] []
[2015-09-01 23:26:14] myapp.INFO: Populated SecurityContext with an anonymous Token [] []
[2015-09-01 23:26:14] myapp.DEBUG: > POST /api/login [] []
[2015-09-01 23:26:14] myapp.DEBUG: < 400 [] []
[2015-09-01 23:26:49] myapp.INFO: Matched route "POST_login" (parameters: "_controller": "authentication.controller:Login", "_route": "POST_login") [] []
[2015-09-01 23:26:49] myapp.INFO: Populated SecurityContext with an anonymous Token [] []
[2015-09-01 23:26:49] myapp.DEBUG: > POST /api/login [] []
[2015-09-01 23:26:49] myapp.DEBUG: < 200 [] []
[2015-09-01 23:27:37] myapp.INFO: Matched route "POST_admin_proplayers" (parameters: "_controller": "admin.proplayers.controller:Upload", "_route": "POST_admin_proplayers") [] []
[2015-09-01 23:27:37] myapp.DEBUG: > POST /api/admin/proplayers [] []
[2015-09-01 23:27:37] myapp.DEBUG: < 400 [] []
[2015-09-01 23:27:49] myapp.INFO: Matched route "POST_admin_proplayers" (parameters: "_controller": "admin.proplayers.controller:Upload", "_route": "POST_admin_proplayers") [] []
[2015-09-01 23:27:49] myapp.DEBUG: > POST /api/admin/proplayers [] []
[2015-09-01 23:27:49] myapp.DEBUG: < 400 [] []
[2015-09-09 15:06:52] myapp.INFO: Matched route "GET_style" (parameters: "_controller": "index.controller:Style", "_route": "GET_style") [] []
[2015-09-09 15:06:52] myapp.DEBUG: > GET /api/style [] []
[2015-09-09 15:06:52] myapp.DEBUG: < 200 [] []
[2015-09-09 15:06:52] myapp.INFO: Matched route "GET_drafts" (parameters: "_controller": "draft.controller:GetAll", "_route": "GET_drafts") [] []
[2015-09-09 15:06:52] myapp.DEBUG: > GET /api/drafts [] []
[2015-09-09 15:06:52] myapp.DEBUG: < 200 [] []
[2015-09-09 15:06:54] myapp.INFO: Matched route "GET_draft_id" (parameters: "_controller": "draft.controller:Get", "id": "1", "_route": "GET_draft_id") [] []
[2015-09-09 15:06:54] myapp.DEBUG: > GET /api/draft/1 [] []
[2015-09-09 15:06:54] myapp.DEBUG: < 200 [] []
[2015-09-09 15:06:57] myapp.INFO: Matched route "GET_drafts" (parameters: "_controller": "draft.controller:GetAll", "_route": "GET_drafts") [] []
[2015-09-09 15:06:57] myapp.DEBUG: > GET /api/drafts [] []
[2015-09-09 15:06:57] myapp.DEBUG: < 200 [] []
[2015-09-09 15:13:25] myapp.INFO: Matched route "GET_style" (parameters: "_controller": "index.controller:Style", "_route": "GET_style") [] []
[2015-09-09 15:13:25] myapp.DEBUG: > GET /api/style [] []
[2015-09-09 15:13:25] myapp.DEBUG: < 200 [] []
[2015-09-09 15:13:49] myapp.INFO: Matched route "GET_style" (parameters: "_controller": "index.controller:Style", "_route": "GET_style") [] []
[2015-09-09 15:13:49] myapp.DEBUG: > GET /api/style [] []
[2015-09-09 15:13:49] myapp.DEBUG: < 200 [] []
[2015-09-09 15:14:01] myapp.INFO: Matched route "GET_style" (parameters: "_controller": "index.controller:Style", "_route": "GET_style") [] []
[2015-09-09 15:14:01] myapp.DEBUG: > GET /api/style [] []
[2015-09-09 15:14:01] myapp.DEBUG: < 200 [] []
[2015-09-09 15:15:17] myapp.INFO: Matched route "GET_style" (parameters: "_controller": "index.controller:Style", "_route": "GET_style") [] []
[2015-09-09 15:15:17] myapp.DEBUG: > GET /api/style [] []
[2015-09-09 15:15:17] myapp.DEBUG: < 200 [] []
[2015-09-09 15:15:23] myapp.INFO: Matched route "GET_style" (parameters: "_controller": "index.controller:Style", "_route": "GET_style") [] []
[2015-09-09 15:15:23] myapp.DEBUG: > GET /api/style [] []
[2015-09-09 15:15:23] myapp.DEBUG: < 200 [] []
